{"C:\\Users\\saura\\OneDrive\\Desktop\\Express Workspace\\chat-stream\\server.js": {"path":"C:\\Users\\saura\\OneDrive\\Desktop\\Express Workspace\\chat-stream\\server.js","statementMap":{"0":{"start":{"line":1,"column":16},"end":{"line":1,"column":34}},"1":{"start":{"line":2,"column":19},"end":{"line":2,"column":41}},"2":{"start":{"line":3,"column":19},"end":{"line":3,"column":58}},"3":{"start":{"line":4,"column":20},"end":{"line":4,"column":60}},"4":{"start":{"line":5,"column":25},"end":{"line":5,"column":66}},"5":{"start":{"line":8,"column":12},"end":{"line":8,"column":21}},"6":{"start":{"line":10,"column":0},"end":{"line":10,"column":52}},"7":{"start":{"line":11,"column":0},"end":{"line":11,"column":27}},"8":{"start":{"line":14,"column":0},"end":{"line":14,"column":34}},"9":{"start":{"line":17,"column":0},"end":{"line":17,"column":34}},"10":{"start":{"line":18,"column":0},"end":{"line":18,"column":29}},"11":{"start":{"line":21,"column":15},"end":{"line":23,"column":2}},"12":{"start":{"line":22,"column":4},"end":{"line":22,"column":84}},"13":{"start":{"line":26,"column":0},"end":{"line":30,"column":3}},"14":{"start":{"line":27,"column":4},"end":{"line":29,"column":7}},"15":{"start":{"line":28,"column":8},"end":{"line":28,"column":57}}},"fnMap":{"0":{"name":"(anonymous_0)","decl":{"start":{"line":21,"column":52},"end":{"line":21,"column":53}},"loc":{"start":{"line":21,"column":63},"end":{"line":23,"column":1}},"line":21},"1":{"name":"upgrade","decl":{"start":{"line":26,"column":30},"end":{"line":26,"column":37}},"loc":{"start":{"line":26,"column":61},"end":{"line":30,"column":1}},"line":26},"2":{"name":"done","decl":{"start":{"line":27,"column":67},"end":{"line":27,"column":71}},"loc":{"start":{"line":27,"column":76},"end":{"line":29,"column":5}},"line":27}},"branchMap":{"0":{"loc":{"start":{"line":21,"column":26},"end":{"line":21,"column":50}},"type":"binary-expr","locations":[{"start":{"line":21,"column":26},"end":{"line":21,"column":42}},{"start":{"line":21,"column":46},"end":{"line":21,"column":50}}],"line":21}},"s":{"0":1,"1":1,"2":1,"3":1,"4":1,"5":1,"6":1,"7":1,"8":1,"9":1,"10":1,"11":1,"12":0,"13":1,"14":0,"15":0},"f":{"0":0,"1":0,"2":0},"b":{"0":[1,1]},"_coverageSchema":"1a1c01bbd47fc00a2c39e90264f33305004495a9","hash":"e2620b4a62bd01744bf421af872c4c89b24234f5"}
,"C:\\Users\\saura\\OneDrive\\Desktop\\Express Workspace\\chat-stream\\config\\database.js": {"path":"C:\\Users\\saura\\OneDrive\\Desktop\\Express Workspace\\chat-stream\\config\\database.js","statementMap":{"0":{"start":{"line":1,"column":17},"end":{"line":1,"column":30}},"1":{"start":{"line":3,"column":13},"end":{"line":9,"column":2}},"2":{"start":{"line":11,"column":0},"end":{"line":11,"column":22}}},"fnMap":{},"branchMap":{},"s":{"0":1,"1":1,"2":1},"f":{},"b":{},"_coverageSchema":"1a1c01bbd47fc00a2c39e90264f33305004495a9","hash":"abd2ed8d80bc2d1db51df10fb4a8cdf2e97c7b0d"}
,"C:\\Users\\saura\\OneDrive\\Desktop\\Express Workspace\\chat-stream\\config\\kafka.js": {"path":"C:\\Users\\saura\\OneDrive\\Desktop\\Express Workspace\\chat-stream\\config\\kafka.js","statementMap":{"0":{"start":{"line":1,"column":18},"end":{"line":1,"column":36}},"1":{"start":{"line":4,"column":14},"end":{"line":7,"column":2}},"2":{"start":{"line":9,"column":17},"end":{"line":9,"column":33}},"3":{"start":{"line":13,"column":2},"end":{"line":13,"column":27}},"4":{"start":{"line":14,"column":2},"end":{"line":14,"column":36}},"5":{"start":{"line":19,"column":2},"end":{"line":27,"column":3}},"6":{"start":{"line":20,"column":4},"end":{"line":23,"column":7}},"7":{"start":{"line":24,"column":4},"end":{"line":24,"column":56}},"8":{"start":{"line":26,"column":4},"end":{"line":26,"column":63}},"9":{"start":{"line":30,"column":0},"end":{"line":30,"column":50}}},"fnMap":{"0":{"name":"connectKafka","decl":{"start":{"line":12,"column":15},"end":{"line":12,"column":27}},"loc":{"start":{"line":12,"column":30},"end":{"line":15,"column":1}},"line":12},"1":{"name":"publishToKafka","decl":{"start":{"line":18,"column":15},"end":{"line":18,"column":29}},"loc":{"start":{"line":18,"column":39},"end":{"line":28,"column":1}},"line":18}},"branchMap":{},"s":{"0":1,"1":1,"2":1,"3":0,"4":0,"5":0,"6":0,"7":0,"8":0,"9":1},"f":{"0":0,"1":0},"b":{},"_coverageSchema":"1a1c01bbd47fc00a2c39e90264f33305004495a9","hash":"5323573d98d4cd6299154296fc7191cb254faea9"}
,"C:\\Users\\saura\\OneDrive\\Desktop\\Express Workspace\\chat-stream\\controllers\\loginController.js": {"path":"C:\\Users\\saura\\OneDrive\\Desktop\\Express Workspace\\chat-stream\\controllers\\loginController.js","statementMap":{"0":{"start":{"line":1,"column":16},"end":{"line":1,"column":34}},"1":{"start":{"line":2,"column":12},"end":{"line":2,"column":35}},"2":{"start":{"line":3,"column":15},"end":{"line":3,"column":32}},"3":{"start":{"line":4,"column":15},"end":{"line":4,"column":31}},"4":{"start":{"line":5,"column":13},"end":{"line":5,"column":42}},"5":{"start":{"line":8,"column":26},"end":{"line":17,"column":1}},"6":{"start":{"line":9,"column":28},"end":{"line":9,"column":30}},"7":{"start":{"line":10,"column":23},"end":{"line":10,"column":87}},"8":{"start":{"line":11,"column":20},"end":{"line":11,"column":22}},"9":{"start":{"line":12,"column":4},"end":{"line":15,"column":5}},"10":{"start":{"line":12,"column":17},"end":{"line":12,"column":18}},"11":{"start":{"line":13,"column":28},"end":{"line":13,"column":73}},"12":{"start":{"line":14,"column":8},"end":{"line":14,"column":52}},"13":{"start":{"line":16,"column":4},"end":{"line":16,"column":21}},"14":{"start":{"line":20,"column":0},"end":{"line":51,"column":3}},"15":{"start":{"line":21,"column":32},"end":{"line":21,"column":40}},"16":{"start":{"line":23,"column":4},"end":{"line":50,"column":5}},"17":{"start":{"line":24,"column":23},"end":{"line":24,"column":43}},"18":{"start":{"line":25,"column":23},"end":{"line":25,"column":90}},"19":{"start":{"line":26,"column":21},"end":{"line":26,"column":35}},"20":{"start":{"line":28,"column":8},"end":{"line":28,"column":25}},"21":{"start":{"line":30,"column":8},"end":{"line":32,"column":9}},"22":{"start":{"line":31,"column":12},"end":{"line":31,"column":80}},"23":{"start":{"line":35,"column":30},"end":{"line":35,"column":75}},"24":{"start":{"line":37,"column":8},"end":{"line":39,"column":9}},"25":{"start":{"line":38,"column":12},"end":{"line":38,"column":80}},"26":{"start":{"line":42,"column":26},"end":{"line":42,"column":45}},"27":{"start":{"line":43,"column":22},"end":{"line":43,"column":102}},"28":{"start":{"line":46,"column":8},"end":{"line":46,"column":69}},"29":{"start":{"line":48,"column":8},"end":{"line":48,"column":29}},"30":{"start":{"line":49,"column":8},"end":{"line":49,"column":65}},"31":{"start":{"line":53,"column":0},"end":{"line":53,"column":24}}},"fnMap":{"0":{"name":"(anonymous_0)","decl":{"start":{"line":8,"column":26},"end":{"line":8,"column":27}},"loc":{"start":{"line":8,"column":32},"end":{"line":17,"column":1}},"line":8},"1":{"name":"(anonymous_1)","decl":{"start":{"line":20,"column":22},"end":{"line":20,"column":23}},"loc":{"start":{"line":20,"column":42},"end":{"line":51,"column":1}},"line":20}},"branchMap":{"0":{"loc":{"start":{"line":30,"column":8},"end":{"line":32,"column":9}},"type":"if","locations":[{"start":{"line":30,"column":8},"end":{"line":32,"column":9}},{"start":{},"end":{}}],"line":30},"1":{"loc":{"start":{"line":37,"column":8},"end":{"line":39,"column":9}},"type":"if","locations":[{"start":{"line":37,"column":8},"end":{"line":39,"column":9}},{"start":{},"end":{}}],"line":37}},"s":{"0":1,"1":1,"2":1,"3":1,"4":1,"5":1,"6":0,"7":0,"8":0,"9":0,"10":0,"11":0,"12":0,"13":0,"14":1,"15":0,"16":0,"17":0,"18":0,"19":0,"20":0,"21":0,"22":0,"23":0,"24":0,"25":0,"26":0,"27":0,"28":0,"29":0,"30":0,"31":1},"f":{"0":0,"1":0},"b":{"0":[0,0],"1":[0,0]},"_coverageSchema":"1a1c01bbd47fc00a2c39e90264f33305004495a9","hash":"cde1b4ffb9bdc6a52dd58ac3264bce1c89849b40"}
,"C:\\Users\\saura\\OneDrive\\Desktop\\Express Workspace\\chat-stream\\controllers\\socketController.js": {"path":"C:\\Users\\saura\\OneDrive\\Desktop\\Express Workspace\\chat-stream\\controllers\\socketController.js","statementMap":{"0":{"start":{"line":1,"column":18},"end":{"line":1,"column":31}},"1":{"start":{"line":2,"column":13},"end":{"line":2,"column":42}},"2":{"start":{"line":3,"column":27},"end":{"line":3,"column":53}},"3":{"start":{"line":6,"column":12},"end":{"line":6,"column":52}},"4":{"start":{"line":8,"column":0},"end":{"line":40,"column":3}},"5":{"start":{"line":9,"column":4},"end":{"line":9,"column":43}},"6":{"start":{"line":11,"column":4},"end":{"line":35,"column":7}},"7":{"start":{"line":12,"column":8},"end":{"line":12,"column":45}},"8":{"start":{"line":15,"column":8},"end":{"line":19,"column":11}},"9":{"start":{"line":16,"column":12},"end":{"line":18,"column":13}},"10":{"start":{"line":17,"column":16},"end":{"line":17,"column":37}},"11":{"start":{"line":22,"column":8},"end":{"line":31,"column":9}},"12":{"start":{"line":23,"column":27},"end":{"line":23,"column":47}},"13":{"start":{"line":24,"column":27},"end":{"line":24,"column":114}},"14":{"start":{"line":25,"column":31},"end":{"line":25,"column":45}},"15":{"start":{"line":26,"column":12},"end":{"line":26,"column":29}},"16":{"start":{"line":27,"column":12},"end":{"line":27,"column":71}},"17":{"start":{"line":30,"column":12},"end":{"line":30,"column":75}},"18":{"start":{"line":34,"column":8},"end":{"line":34,"column":38}},"19":{"start":{"line":37,"column":4},"end":{"line":39,"column":7}},"20":{"start":{"line":38,"column":8},"end":{"line":38,"column":47}},"21":{"start":{"line":42,"column":0},"end":{"line":42,"column":21}}},"fnMap":{"0":{"name":"connection","decl":{"start":{"line":8,"column":30},"end":{"line":8,"column":40}},"loc":{"start":{"line":8,"column":45},"end":{"line":40,"column":1}},"line":8},"1":{"name":"incoming","decl":{"start":{"line":11,"column":36},"end":{"line":11,"column":44}},"loc":{"start":{"line":11,"column":54},"end":{"line":35,"column":5}},"line":11},"2":{"name":"each","decl":{"start":{"line":15,"column":37},"end":{"line":15,"column":41}},"loc":{"start":{"line":15,"column":50},"end":{"line":19,"column":9}},"line":15},"3":{"name":"(anonymous_3)","decl":{"start":{"line":37,"column":19},"end":{"line":37,"column":20}},"loc":{"start":{"line":37,"column":25},"end":{"line":39,"column":5}},"line":37}},"branchMap":{"0":{"loc":{"start":{"line":16,"column":12},"end":{"line":18,"column":13}},"type":"if","locations":[{"start":{"line":16,"column":12},"end":{"line":18,"column":13}},{"start":{},"end":{}}],"line":16},"1":{"loc":{"start":{"line":16,"column":16},"end":{"line":16,"column":69}},"type":"binary-expr","locations":[{"start":{"line":16,"column":16},"end":{"line":16,"column":29}},{"start":{"line":16,"column":33},"end":{"line":16,"column":69}}],"line":16}},"s":{"0":1,"1":1,"2":1,"3":1,"4":1,"5":0,"6":0,"7":0,"8":0,"9":0,"10":0,"11":0,"12":0,"13":0,"14":0,"15":0,"16":0,"17":0,"18":0,"19":0,"20":0,"21":1},"f":{"0":0,"1":0,"2":0,"3":0},"b":{"0":[0,0],"1":[0,0]},"_coverageSchema":"1a1c01bbd47fc00a2c39e90264f33305004495a9","hash":"be7a6cdfa12889c352a27ec32de0377b2e99604b"}
,"C:\\Users\\saura\\OneDrive\\Desktop\\Express Workspace\\chat-stream\\controllers\\userController.js": {"path":"C:\\Users\\saura\\OneDrive\\Desktop\\Express Workspace\\chat-stream\\controllers\\userController.js","statementMap":{"0":{"start":{"line":1,"column":16},"end":{"line":1,"column":34}},"1":{"start":{"line":2,"column":15},"end":{"line":2,"column":31}},"2":{"start":{"line":3,"column":15},"end":{"line":3,"column":32}},"3":{"start":{"line":5,"column":13},"end":{"line":5,"column":42}},"4":{"start":{"line":7,"column":0},"end":{"line":29,"column":3}},"5":{"start":{"line":8,"column":42},"end":{"line":8,"column":50}},"6":{"start":{"line":11,"column":4},"end":{"line":13,"column":5}},"7":{"start":{"line":12,"column":8},"end":{"line":12,"column":93}},"8":{"start":{"line":15,"column":4},"end":{"line":28,"column":5}},"9":{"start":{"line":17,"column":31},"end":{"line":17,"column":62}},"10":{"start":{"line":20,"column":23},"end":{"line":20,"column":43}},"11":{"start":{"line":21,"column":23},"end":{"line":21,"column":157}},"12":{"start":{"line":22,"column":24},"end":{"line":22,"column":38}},"13":{"start":{"line":23,"column":8},"end":{"line":23,"column":25}},"14":{"start":{"line":24,"column":8},"end":{"line":24,"column":38}},"15":{"start":{"line":26,"column":8},"end":{"line":26,"column":29}},"16":{"start":{"line":27,"column":8},"end":{"line":27,"column":65}},"17":{"start":{"line":32,"column":0},"end":{"line":50,"column":3}},"18":{"start":{"line":33,"column":25},"end":{"line":33,"column":35}},"19":{"start":{"line":35,"column":4},"end":{"line":49,"column":5}},"20":{"start":{"line":36,"column":23},"end":{"line":36,"column":43}},"21":{"start":{"line":37,"column":23},"end":{"line":37,"column":106}},"22":{"start":{"line":38,"column":28},"end":{"line":38,"column":42}},"23":{"start":{"line":39,"column":8},"end":{"line":39,"column":25}},"24":{"start":{"line":41,"column":8},"end":{"line":45,"column":9}},"25":{"start":{"line":42,"column":12},"end":{"line":42,"column":94}},"26":{"start":{"line":44,"column":12},"end":{"line":44,"column":62}},"27":{"start":{"line":47,"column":8},"end":{"line":47,"column":29}},"28":{"start":{"line":48,"column":8},"end":{"line":48,"column":65}},"29":{"start":{"line":53,"column":0},"end":{"line":64,"column":3}},"30":{"start":{"line":54,"column":4},"end":{"line":63,"column":5}},"31":{"start":{"line":55,"column":23},"end":{"line":55,"column":43}},"32":{"start":{"line":56,"column":23},"end":{"line":56,"column":64}},"33":{"start":{"line":57,"column":22},"end":{"line":57,"column":33}},"34":{"start":{"line":58,"column":8},"end":{"line":58,"column":25}},"35":{"start":{"line":59,"column":8},"end":{"line":59,"column":36}},"36":{"start":{"line":61,"column":8},"end":{"line":61,"column":29}},"37":{"start":{"line":62,"column":8},"end":{"line":62,"column":65}},"38":{"start":{"line":66,"column":0},"end":{"line":66,"column":24}}},"fnMap":{"0":{"name":"(anonymous_0)","decl":{"start":{"line":7,"column":25},"end":{"line":7,"column":26}},"loc":{"start":{"line":7,"column":45},"end":{"line":29,"column":1}},"line":7},"1":{"name":"(anonymous_1)","decl":{"start":{"line":32,"column":28},"end":{"line":32,"column":29}},"loc":{"start":{"line":32,"column":48},"end":{"line":50,"column":1}},"line":32},"2":{"name":"(anonymous_2)","decl":{"start":{"line":53,"column":16},"end":{"line":53,"column":17}},"loc":{"start":{"line":53,"column":36},"end":{"line":64,"column":1}},"line":53}},"branchMap":{"0":{"loc":{"start":{"line":11,"column":4},"end":{"line":13,"column":5}},"type":"if","locations":[{"start":{"line":11,"column":4},"end":{"line":13,"column":5}},{"start":{},"end":{}}],"line":11},"1":{"loc":{"start":{"line":11,"column":8},"end":{"line":11,"column":40}},"type":"binary-expr","locations":[{"start":{"line":11,"column":8},"end":{"line":11,"column":17}},{"start":{"line":11,"column":21},"end":{"line":11,"column":27}},{"start":{"line":11,"column":31},"end":{"line":11,"column":40}}],"line":11},"2":{"loc":{"start":{"line":41,"column":8},"end":{"line":45,"column":9}},"type":"if","locations":[{"start":{"line":41,"column":8},"end":{"line":45,"column":9}},{"start":{"line":43,"column":15},"end":{"line":45,"column":9}}],"line":41}},"s":{"0":1,"1":1,"2":1,"3":1,"4":1,"5":0,"6":0,"7":0,"8":0,"9":0,"10":0,"11":0,"12":0,"13":0,"14":0,"15":0,"16":0,"17":1,"18":0,"19":0,"20":0,"21":0,"22":0,"23":0,"24":0,"25":0,"26":0,"27":0,"28":0,"29":1,"30":0,"31":0,"32":0,"33":0,"34":0,"35":0,"36":0,"37":0,"38":1},"f":{"0":0,"1":0,"2":0},"b":{"0":[0,0],"1":[0,0,0],"2":[0,0]},"_coverageSchema":"1a1c01bbd47fc00a2c39e90264f33305004495a9","hash":"26d1ce7cc1729f6b7f1c81dde6c1d402fcf52e33"}
}
